[9705:9705:0823/151833.840548:ERROR:gbm_wrapper.cc(292)] Failed to export buffer to dma_buf: Нет такого файла или каталога (2)
[9705:9705:0823/151833.840828:ERROR:gbm_wrapper.cc(292)] Failed to export buffer to dma_buf: Нет такого файла или каталога (2)
[9705:9705:0823/151833.840964:ERROR:gbm_wrapper.cc(292)] Failed to export buffer to dma_buf: Нет такого файла или каталога (2)
[9705:9705:0823/151833.841100:ERROR:gbm_wrapper.cc(292)] Failed to export buffer to dma_buf: Нет такого файла или каталога (2)
[9705:9705:0823/151833.841227:ERROR:gbm_wrapper.cc(292)] Failed to export buffer to dma_buf: Нет такого файла или каталога (2)
[9705:9705:0823/151833.841351:ERROR:gbm_wrapper.cc(292)] Failed to export buffer to dma_buf: Нет такого файла или каталога (2)
[9705:9705:0823/151833.841480:ERROR:gbm_wrapper.cc(292)] Failed to export buffer to dma_buf: Нет такого файла или каталога (2)
[9705:9705:0823/151833.841606:ERROR:gbm_wrapper.cc(292)] Failed to export buffer to dma_buf: Нет такого файла или каталога (2)
[9705:9705:0823/151833.842477:ERROR:gbm_wrapper.cc(292)] Failed to export buffer to dma_buf: Нет такого файла или каталога (2)
[9705:9705:0823/151833.842756:ERROR:gbm_wrapper.cc(292)] Failed to export buffer to dma_buf: Нет такого файла или каталога (2)
[9705:9705:0823/151833.842981:ERROR:gbm_wrapper.cc(292)] Failed to export buffer to dma_buf: Нет такого файла или каталога (2)
[9705:9705:0823/151833.843205:ERROR:gbm_wrapper.cc(292)] Failed to export buffer to dma_buf: Нет такого файла или каталога (2)
[9705:9705:0823/151833.843406:ERROR:gbm_wrapper.cc(292)] Failed to export buffer to dma_buf: Нет такого файла или каталога (2)
[9705:9705:0823/151833.843624:ERROR:gbm_wrapper.cc(292)] Failed to export buffer to dma_buf: Нет такого файла или каталога (2)
[9705:9705:0823/151833.843830:ERROR:gbm_wrapper.cc(292)] Failed to export buffer to dma_buf: Нет такого файла или каталога (2)
[9652:9652:0823/151833.939454:WARNING:bluez_dbus_manager.cc(247)] Floss manager not present, cannot set Floss enable/disable.
[9652:9652:0823/151840.387073:INFO:CONSOLE(1)] "Catalogo ready", source:  (1)
[9706:9718:0823/151841.113656:ERROR:ssl_client_socket_impl.cc(996)] handshake failed; returned -1, SSL error code 1, net_error -101
[9706:9718:0823/151841.227102:ERROR:ssl_client_socket_impl.cc(996)] handshake failed; returned -1, SSL error code 1, net_error -101
[9652:9652:0823/151856.510747:WARNING:pref_notifier_impl.cc(41)] Pref observer for media_router.cast_allow_all_ips found at shutdown.
